[1023/093809:ERROR:process_info.cc(608)] range at 0xfffde000, size 0x230 fully unreadable
[1023/093809:ERROR:process_info.cc(608)] range at 0xfffdd000, size 0xf84 fully unreadable
[1023/093809:ERROR:process_info.cc(608)] range at 0xfffda000, size 0xf84 fully unreadable
[1023/093809:ERROR:process_info.cc(608)] range at 0xfffd7000, size 0xf84 fully unreadable
[1023/093809:ERROR:process_info.cc(608)] range at 0xfff9f000, size 0xf84 fully unreadable
[1023/093809:ERROR:process_info.cc(608)] range at 0xfff9c000, size 0xf84 fully unreadable
[1023/093809:ERROR:process_info.cc(608)] range at 0xfff99000, size 0xf84 fully unreadable
[1024/125915:ERROR:process_info.cc(608)] range at 0xfffde000, size 0x230 fully unreadable
[1024/125915:ERROR:process_info.cc(608)] range at 0xfffdd000, size 0xf84 fully unreadable
[1024/125915:ERROR:process_info.cc(608)] range at 0xfffda000, size 0xf84 fully unreadable
[1024/125915:ERROR:process_info.cc(608)] range at 0xfffd7000, size 0xf84 fully unreadable
[1024/125915:ERROR:process_info.cc(608)] range at 0xfff9f000, size 0xf84 fully unreadable
[1024/125915:ERROR:process_info.cc(608)] range at 0xfff9c000, size 0xf84 fully unreadable
[1024/125915:ERROR:process_info.cc(608)] range at 0xfff99000, size 0xf84 fully unreadable
[1024/125915:ERROR:process_info.cc(608)] range at 0xfff96000, size 0xf84 fully unreadable
[1024/125915:ERROR:process_info.cc(608)] range at 0xfff93000, size 0xf84 fully unreadable
[1024/125915:ERROR:process_info.cc(608)] range at 0xfff90000, size 0xf84 fully unreadable
[1024/125915:ERROR:process_info.cc(608)] range at 0xfff8d000, size 0xf84 fully unreadable
[1024/125915:ERROR:process_info.cc(608)] range at 0xfff84000, size 0xf84 fully unreadable
[1024/125915:ERROR:process_info.cc(608)] range at 0xfff87000, size 0xf84 fully unreadable
[1024/125915:ERROR:process_info.cc(608)] range at 0xfff7b000, size 0xf84 fully unreadable
[1024/125915:ERROR:process_info.cc(608)] range at 0xfff81000, size 0xf84 fully unreadable
[1024/125915:ERROR:process_info.cc(608)] range at 0xfff8a000, size 0xf84 fully unreadable
[1024/130959:ERROR:process_info.cc(608)] range at 0xfffde000, size 0x230 fully unreadable
[1024/130959:ERROR:process_info.cc(608)] range at 0xfffdd000, size 0xf84 fully unreadable
[1024/130959:ERROR:process_info.cc(608)] range at 0xfffda000, size 0xf84 fully unreadable
[1024/130959:ERROR:process_info.cc(608)] range at 0xfffd7000, size 0xf84 fully unreadable
[1024/130959:ERROR:process_info.cc(608)] range at 0xfff9f000, size 0xf84 fully unreadable
[1024/130959:ERROR:process_info.cc(608)] range at 0xfff9c000, size 0xf84 fully unreadable
[1024/130959:ERROR:process_info.cc(608)] range at 0xfff99000, size 0xf84 fully unreadable
[1024/130959:ERROR:process_info.cc(608)] range at 0xfff96000, size 0xf84 fully unreadable
[1024/130959:ERROR:process_info.cc(608)] range at 0xfff93000, size 0xf84 fully unreadable
[1024/130959:ERROR:process_info.cc(608)] range at 0xfff90000, size 0xf84 fully unreadable
[1024/130959:ERROR:process_info.cc(608)] range at 0xfff8d000, size 0xf84 fully unreadable
[1024/130959:ERROR:process_info.cc(608)] range at 0xfff81000, size 0xf84 fully unreadable
[1024/130959:ERROR:process_info.cc(608)] range at 0xfff84000, size 0xf84 fully unreadable
[1024/130959:ERROR:process_info.cc(608)] range at 0xfff87000, size 0xf84 fully unreadable
[1024/130959:ERROR:process_info.cc(608)] range at 0xfff8a000, size 0xf84 fully unreadable
[1024/130959:ERROR:process_info.cc(608)] range at 0xfff7e000, size 0xf84 fully unreadable
[1027/003030:ERROR:process_reader_win.cc(142)] SuspendThread: 拒绝访问。 (0x5)
[1027/003030:ERROR:exception_snapshot_win.cc(87)] thread ID 6632 not found in process
[1027/003030:WARNING:crash_report_exception_handler.cc(56)] ProcessSnapshotWin::Initialize failed
[1027/003030:ERROR:scoped_process_suspend.cc(38)] NtResumeProcess: 已尝试访问正在退出的过程。  (0xc000010a)
